<?xml version="1.0" encoding="UTF-8"?>
<testsuites name="OpenAPICreateData" tests="7" time="2.130">
  <testsuite name="创建订单（无优惠券、旧价格体系） / 城市列表" id="1df040cf-d0a9-4e8c-b914-c8c4e2beaede" timestamp="2020-05-12T08:48:13.360Z" tests="0" failures="0" errors="0" time="0.286"/>
  <testsuite name="创建订单（无优惠券、旧价格体系） / 产品信息" id="ce1f94f3-ad48-43f4-80e2-0e49f6ff9b25" timestamp="2020-05-12T08:48:13.360Z" tests="0" failures="0" errors="0" time="0.093"/>
  <testsuite name="创建订单（无优惠券、旧价格体系） / 航班信息查询" id="fba1e1f8-f57a-4171-aba6-75322082292f" timestamp="2020-05-12T08:48:13.360Z" tests="0" failures="0" errors="0" time="0.108"/>
  <testsuite name="创建订单（无优惠券、旧价格体系） / 专车后台登录" id="643da450-256d-4125-a48d-4709eca400eb" timestamp="2020-05-12T08:48:13.360Z" tests="0" failures="0" errors="0" time="0.409"/>
  <testsuite name="创建订单（无优惠券、旧价格体系） / 专车后台-航班查询历史查询" id="92cfdf32-9dad-497e-b6a3-5dae17f2b7dd" timestamp="2020-05-12T08:48:13.360Z" tests="0" failures="0" errors="0" time="0.202"/>
  <testsuite name="创建订单（无优惠券、旧价格体系） / 费用预估（无优惠券）" id="90e8bfca-53fa-420d-b3e2-f85662f0a5fc" timestamp="2020-05-12T08:48:13.360Z" tests="1" failures="0" errors="0" time="0.336">
    <testcase name="费用预估：成功" time="0.336" classname="OpenApiCreateData"/>
  </testsuite>
  <testsuite name="创建订单（无优惠券、旧价格体系） / 创建订单" id="c3c79fbe-1001-466a-8d76-317b398f2777" timestamp="2020-05-12T08:48:13.360Z" tests="1" failures="0" errors="0" time="0.696">
    <testcase name="成功创建成功，订单信息 &#xA;    订单ID：&quot;6825876826657783811&quot;&#xA;    订单号：&quot;35133235620422&quot;&#xA;    &#xA;    " time="0.696" classname="OpenApiCreateData"/>
  </testsuite>
</testsuites>